2023-03-22 12:21:05.906:INFO :oejs.Server:main: jetty-11.0.14; built: 2023-02-22T23:41:48.575Z; git: 4601fe8dd805ce75b69c64466c115a162586641b; jvm 11.0.18+10
2023-03-22 12:21:05.931:INFO :oejdp.ScanningAppProvider:main: Deployment monitor [file:///home/javaapps/sbt-projects/DeCSHighlighter/jetty-base/webapps/]
2023-03-22 12:21:06.205:INFO :oejw.StandardDescriptorProcessor:main: NO JSP Support for /decshighlighter, did not find org.eclipse.jetty.jsp.JettyJspServlet
2023-03-22 12:21:06.211:INFO :oejss.DefaultSessionIdManager:main: Session workerName=node0
12:21:06,356 |-INFO in ch.qos.logback.classic.LoggerContext[default] - This is logback-classic version 1.4.6
12:21:06,369 |-INFO in ch.qos.logback.classic.LoggerContext[default] - Could NOT find resource [logback-test.xml]
12:21:06,370 |-INFO in ch.qos.logback.classic.LoggerContext[default] - Found resource [logback.xml] at [jar:file:/tmp/jetty-0_0_0_0-8080-decshighlighter_war-_decshighlighter-any-15611945089107919458/webapp/WEB-INF/lib/decshighlighter_2.13-0.1.jar!/logback.xml]
12:21:06,374 |-INFO in ch.qos.logback.core.joran.spi.ConfigurationWatchList@452e26d0 - URL [jar:file:/tmp/jetty-0_0_0_0-8080-decshighlighter_war-_decshighlighter-any-15611945089107919458/webapp/WEB-INF/lib/decshighlighter_2.13-0.1.jar!/logback.xml] is not of type file
12:21:06,414 |-WARN in ch.qos.logback.core.model.processor.AppenderModelHandler - Appender named [STDOUT] not referenced. Skipping further processing.
12:21:06,414 |-INFO in ch.qos.logback.core.model.processor.AppenderModelHandler - Processing appender named [FILE]
12:21:06,414 |-INFO in ch.qos.logback.core.model.processor.AppenderModelHandler - About to instantiate appender of type [ch.qos.logback.core.rolling.RollingFileAppender]
12:21:06,426 |-INFO in c.q.l.core.rolling.TimeBasedRollingPolicy@1185618138 - No compression will be used
12:21:06,427 |-INFO in c.q.l.core.rolling.TimeBasedRollingPolicy@1185618138 - Will use the pattern logFile.%d{yyyy-MM-dd}.log for the active file
12:21:06,429 |-INFO in c.q.l.core.rolling.DefaultTimeBasedFileNamingAndTriggeringPolicy - The date pattern is 'yyyy-MM-dd' from file name pattern 'logFile.%d{yyyy-MM-dd}.log'.
12:21:06,429 |-INFO in c.q.l.core.rolling.DefaultTimeBasedFileNamingAndTriggeringPolicy - Roll-over at midnight.
12:21:06,430 |-INFO in c.q.l.core.rolling.DefaultTimeBasedFileNamingAndTriggeringPolicy - Setting initial period to 2023-03-22T15:00:33.868Z
12:21:06,430 |-INFO in ch.qos.logback.core.model.processor.ImplicitModelHandler - Assuming default type [ch.qos.logback.classic.encoder.PatternLayoutEncoder] for [encoder] property
12:21:06,440 |-INFO in ch.qos.logback.core.rolling.RollingFileAppender[FILE] - Active log file name: logs/DeCSHighlighter.log
12:21:06,441 |-INFO in ch.qos.logback.core.rolling.RollingFileAppender[FILE] - File property is set to [logs/DeCSHighlighter.log]
12:21:06,441 |-INFO in ch.qos.logback.classic.model.processor.RootLoggerModelHandler - Setting level of ROOT logger to INFO
12:21:06,444 |-INFO in ch.qos.logback.core.model.processor.AppenderRefModelHandler - Attaching appender named [FILE] to Logger[ROOT]
12:21:06,445 |-INFO in ch.qos.logback.core.model.processor.DefaultProcessor@790174f2 - End of configuration.
12:21:06,445 |-INFO in ch.qos.logback.classic.joran.JoranConfigurator@42257bdd - Registering current configuration as safe fallback point

HighlightServlet is listening ...
Logging is activated.
2023-03-22 12:21:17.277:INFO :oejsh.ContextHandler:main: Started o.e.j.w.WebAppContext@17d919b6{DeCS Highlighter,/decshighlighter,file:///tmp/jetty-0_0_0_0-8080-decshighlighter_war-_decshighlighter-any-15611945089107919458/webapp/,AVAILABLE}{/home/javaapps/sbt-projects/DeCSHighlighter/jetty-base/webapps/decshighlighter.war}
2023-03-22 12:21:17.288:INFO :oejs.AbstractConnector:main: Started ServerConnector@c093070{HTTP/1.1, (http/1.1)}{0.0.0.0:8080}
2023-03-22 12:21:17.290:INFO :oejs.Server:main: Started Server@2ddc9a9f{STARTING}[11.0.14,sto=5000] @11777ms
2023-03-22 12:49:12.863:INFO :oejs.Server:JettyShutdownThread: Stopped Server@2ddc9a9f{STOPPING}[11.0.14,sto=5000]
2023-03-22 12:49:12.863:INFO :oejs.Server:JettyShutdownThread: Shutdown Server@2ddc9a9f{STOPPING}[11.0.14,sto=5000]
2023-03-22 12:49:12.865:INFO :oejs.AbstractConnector:JettyShutdownThread: Stopped ServerConnector@c093070{HTTP/1.1, (http/1.1)}{0.0.0.0:8080}
2023-03-22 12:49:12.870:INFO :oejsh.ContextHandler:JettyShutdownThread: Stopped o.e.j.w.WebAppContext@17d919b6{DeCS Highlighter,/decshighlighter,null,STOPPED}{/home/javaapps/sbt-projects/DeCSHighlighter/jetty-base/webapps/decshighlighter.war}
