2023-05-15 16:26:16.418:INFO :oejs.Server:main: jetty-11.0.14; built: 2023-02-22T23:41:48.575Z; git: 4601fe8dd805ce75b69c64466c115a162586641b; jvm 11.0.18+10
2023-05-15 16:26:16.443:INFO :oejdp.ScanningAppProvider:main: Deployment monitor [file:///home/javaapps/sbt-projects/DeCSHighlighter/jetty-base/webapps/]
2023-05-15 16:26:16.698:INFO :oejw.StandardDescriptorProcessor:main: NO JSP Support for /decshighlighter, did not find org.eclipse.jetty.jsp.JettyJspServlet
2023-05-15 16:26:16.704:INFO :oejss.DefaultSessionIdManager:main: Session workerName=node0
16:26:16,832 |-INFO in ch.qos.logback.classic.LoggerContext[default] - This is logback-classic version 1.4.7
16:26:16,842 |-INFO in ch.qos.logback.classic.LoggerContext[default] - Could NOT find resource [logback-test.xml]
16:26:16,843 |-INFO in ch.qos.logback.classic.LoggerContext[default] - Found resource [logback.xml] at [jar:file:/tmp/jetty-0_0_0_0-8080-decshighlighter_war-_decshighlighter-any-4483755286339311042/webapp/WEB-INF/lib/decshighlighter_2.13-0.1.jar!/logback.xml]
16:26:16,847 |-INFO in ch.qos.logback.core.joran.spi.ConfigurationWatchList@7689ddef - URL [jar:file:/tmp/jetty-0_0_0_0-8080-decshighlighter_war-_decshighlighter-any-4483755286339311042/webapp/WEB-INF/lib/decshighlighter_2.13-0.1.jar!/logback.xml] is not of type file
16:26:16,884 |-WARN in ch.qos.logback.core.model.processor.AppenderModelHandler - Appender named [STDOUT] not referenced. Skipping further processing.
16:26:16,884 |-INFO in ch.qos.logback.core.model.processor.AppenderModelHandler - Processing appender named [FILE]
16:26:16,884 |-INFO in ch.qos.logback.core.model.processor.AppenderModelHandler - About to instantiate appender of type [ch.qos.logback.core.rolling.RollingFileAppender]
16:26:16,895 |-INFO in c.q.l.core.rolling.TimeBasedRollingPolicy@1752856108 - No compression will be used
16:26:16,896 |-INFO in c.q.l.core.rolling.TimeBasedRollingPolicy@1752856108 - Will use the pattern logFile.%d{yyyy-MM-dd}.log for the active file
16:26:16,898 |-INFO in c.q.l.core.rolling.DefaultTimeBasedFileNamingAndTriggeringPolicy - The date pattern is 'yyyy-MM-dd' from file name pattern 'logFile.%d{yyyy-MM-dd}.log'.
16:26:16,898 |-INFO in c.q.l.core.rolling.DefaultTimeBasedFileNamingAndTriggeringPolicy - Roll-over at midnight.
16:26:16,899 |-INFO in c.q.l.core.rolling.DefaultTimeBasedFileNamingAndTriggeringPolicy - Setting initial period to 2023-03-22T15:22:18.083Z
16:26:16,899 |-INFO in ch.qos.logback.core.model.processor.ImplicitModelHandler - Assuming default type [ch.qos.logback.classic.encoder.PatternLayoutEncoder] for [encoder] property
16:26:16,909 |-INFO in ch.qos.logback.core.rolling.RollingFileAppender[FILE] - Active log file name: logs/DeCSHighlighter.log
16:26:16,909 |-INFO in ch.qos.logback.core.rolling.RollingFileAppender[FILE] - File property is set to [logs/DeCSHighlighter.log]
16:26:16,910 |-INFO in ch.qos.logback.classic.model.processor.RootLoggerModelHandler - Setting level of ROOT logger to INFO
16:26:16,912 |-INFO in ch.qos.logback.core.model.processor.AppenderRefModelHandler - Attaching appender named [FILE] to Logger[ROOT]
16:26:16,913 |-INFO in ch.qos.logback.core.model.processor.DefaultProcessor@1a2e2935 - End of configuration.
16:26:16,913 |-INFO in ch.qos.logback.classic.joran.JoranConfigurator@733c423e - Registering current configuration as safe fallback point

HighlightServlet is listening ...
Logging is activated.
2023-05-15 16:26:27.018:INFO :oejsh.ContextHandler:main: Started o.e.j.w.WebAppContext@22f59fa{DeCS Highlighter,/decshighlighter,file:///tmp/jetty-0_0_0_0-8080-decshighlighter_war-_decshighlighter-any-4483755286339311042/webapp/,AVAILABLE}{/home/javaapps/sbt-projects/DeCSHighlighter/jetty-base/webapps/decshighlighter.war}
2023-05-15 16:26:27.029:INFO :oejs.AbstractConnector:main: Started ServerConnector@178270b2{HTTP/1.1, (http/1.1)}{0.0.0.0:8080}
2023-05-15 16:26:27.030:INFO :oejs.Server:main: Started Server@1e6a3214{STARTING}[11.0.14,sto=5000] @10994ms
2023-05-15 16:29:39.100:INFO :oejs.Server:JettyShutdownThread: Stopped Server@1e6a3214{STOPPING}[11.0.14,sto=5000]
2023-05-15 16:29:39.100:INFO :oejs.Server:JettyShutdownThread: Shutdown Server@1e6a3214{STOPPING}[11.0.14,sto=5000]
2023-05-15 16:29:39.103:INFO :oejs.AbstractConnector:JettyShutdownThread: Stopped ServerConnector@178270b2{HTTP/1.1, (http/1.1)}{0.0.0.0:8080}
2023-05-15 16:29:39.109:INFO :oejsh.ContextHandler:JettyShutdownThread: Stopped o.e.j.w.WebAppContext@22f59fa{DeCS Highlighter,/decshighlighter,null,STOPPED}{/home/javaapps/sbt-projects/DeCSHighlighter/jetty-base/webapps/decshighlighter.war}
